#-----------------------------------------------------------
# Vivado v2018.2 (64-bit)
# SW Build 2258646 on Thu Jun 14 20:03:12 MDT 2018
# IP Build 2256618 on Thu Jun 14 22:10:49 MDT 2018
# Start of session at: Mon Aug 16 14:14:18 2021
# Process ID: 22212
# Current directory: E:/Competition/IC/voice_rec/voicerec/solution1/impl/ip
# Command line: vivado.exe -notrace -mode batch -source run_ippack.tcl
# Log file: E:/Competition/IC/voice_rec/voicerec/solution1/impl/ip/vivado.log
# Journal file: E:/Competition/IC/voice_rec/voicerec/solution1/impl/ip\vivado.jou
#-----------------------------------------------------------
Sourcing tcl script 'D:/Vivado/Vivado/2018.2/scripts/Vivado_init.tcl'
source run_ippack.tcl -notrace
INFO: [IP_Flow 19-234] Refreshing IP repositories
INFO: [IP_Flow 19-1704] No user IP repositories specified
INFO: [IP_Flow 19-2313] Loaded Vivado IP repository 'D:/Vivado/Vivado/2018.2/data/ip'.
WARNING: [IP_Flow 19-4832] The IP name 'voicerec_ap_dadd_9_full_dsp_64' you have specified is long. The Windows operating system has path length limitations. It is recommended you use shorter names to reduce the likelihood of issues.
INFO: [IP_Flow 19-1686] Generating 'Synthesis' target for IP 'voicerec_ap_dadd_9_full_dsp_64'...
INFO: [IP_Flow 19-1686] Generating 'Simulation' target for IP 'voicerec_ap_dadd_9_full_dsp_64'...
WARNING: [IP_Flow 19-4832] The IP name 'voicerec_ap_ddiv_57_no_dsp_64' you have specified is long. The Windows operating system has path length limitations. It is recommended you use shorter names to reduce the likelihood of issues.
INFO: [IP_Flow 19-1686] Generating 'Synthesis' target for IP 'voicerec_ap_ddiv_57_no_dsp_64'...
INFO: [IP_Flow 19-1686] Generating 'Simulation' target for IP 'voicerec_ap_ddiv_57_no_dsp_64'...
WARNING: [IP_Flow 19-4832] The IP name 'voicerec_ap_dexp_46_full_dsp_64' you have specified is long. The Windows operating system has path length limitations. It is recommended you use shorter names to reduce the likelihood of issues.
INFO: [IP_Flow 19-1686] Generating 'Synthesis' target for IP 'voicerec_ap_dexp_46_full_dsp_64'...
INFO: [IP_Flow 19-1686] Generating 'Simulation' target for IP 'voicerec_ap_dexp_46_full_dsp_64'...
WARNING: [IP_Flow 19-4832] The IP name 'voicerec_ap_dmul_8_max_dsp_64' you have specified is long. The Windows operating system has path length limitations. It is recommended you use shorter names to reduce the likelihood of issues.
INFO: [IP_Flow 19-1686] Generating 'Synthesis' target for IP 'voicerec_ap_dmul_8_max_dsp_64'...
INFO: [IP_Flow 19-1686] Generating 'Simulation' target for IP 'voicerec_ap_dmul_8_max_dsp_64'...
WARNING: [IP_Flow 19-4832] The IP name 'voicerec_ap_fadd_7_full_dsp_32' you have specified is long. The Windows operating system has path length limitations. It is recommended you use shorter names to reduce the likelihood of issues.
INFO: [IP_Flow 19-1686] Generating 'Synthesis' target for IP 'voicerec_ap_fadd_7_full_dsp_32'...
INFO: [IP_Flow 19-1686] Generating 'Simulation' target for IP 'voicerec_ap_fadd_7_full_dsp_32'...
WARNING: [IP_Flow 19-4832] The IP name 'voicerec_ap_faddfsub_7_full_dsp_32' you have specified is long. The Windows operating system has path length limitations. It is recommended you use shorter names to reduce the likelihood of issues.
INFO: [IP_Flow 19-1686] Generating 'Synthesis' target for IP 'voicerec_ap_faddfsub_7_full_dsp_32'...
INFO: [IP_Flow 19-1686] Generating 'Simulation' target for IP 'voicerec_ap_faddfsub_7_full_dsp_32'...
WARNING: [IP_Flow 19-4832] The IP name 'voicerec_ap_fcmp_1_no_dsp_32' you have specified is long. The Windows operating system has path length limitations. It is recommended you use shorter names to reduce the likelihood of issues.
INFO: [IP_Flow 19-1686] Generating 'Synthesis' target for IP 'voicerec_ap_fcmp_1_no_dsp_32'...
INFO: [IP_Flow 19-1686] Generating 'Simulation' target for IP 'voicerec_ap_fcmp_1_no_dsp_32'...
WARNING: [IP_Flow 19-4832] The IP name 'voicerec_ap_fdiv_28_no_dsp_32' you have specified is long. The Windows operating system has path length limitations. It is recommended you use shorter names to reduce the likelihood of issues.
INFO: [IP_Flow 19-1686] Generating 'Synthesis' target for IP 'voicerec_ap_fdiv_28_no_dsp_32'...
INFO: [IP_Flow 19-1686] Generating 'Simulation' target for IP 'voicerec_ap_fdiv_28_no_dsp_32'...
WARNING: [IP_Flow 19-4832] The IP name 'voicerec_ap_fmul_3_max_dsp_32' you have specified is long. The Windows operating system has path length limitations. It is recommended you use shorter names to reduce the likelihood of issues.
INFO: [IP_Flow 19-1686] Generating 'Synthesis' target for IP 'voicerec_ap_fmul_3_max_dsp_32'...
INFO: [IP_Flow 19-1686] Generating 'Simulation' target for IP 'voicerec_ap_fmul_3_max_dsp_32'...
WARNING: [IP_Flow 19-4832] The IP name 'voicerec_ap_fpext_0_no_dsp_32' you have specified is long. The Windows operating system has path length limitations. It is recommended you use shorter names to reduce the likelihood of issues.
INFO: [IP_Flow 19-1686] Generating 'Synthesis' target for IP 'voicerec_ap_fpext_0_no_dsp_32'...
INFO: [IP_Flow 19-1686] Generating 'Simulation' target for IP 'voicerec_ap_fpext_0_no_dsp_32'...
WARNING: [IP_Flow 19-4832] The IP name 'voicerec_ap_fptrunc_1_no_dsp_64' you have specified is long. The Windows operating system has path length limitations. It is recommended you use shorter names to reduce the likelihood of issues.
INFO: [IP_Flow 19-1686] Generating 'Synthesis' target for IP 'voicerec_ap_fptrunc_1_no_dsp_64'...
INFO: [IP_Flow 19-1686] Generating 'Simulation' target for IP 'voicerec_ap_fptrunc_1_no_dsp_64'...
WARNING: [IP_Flow 19-4832] The IP name 'voicerec_ap_sitodp_6_no_dsp_32' you have specified is long. The Windows operating system has path length limitations. It is recommended you use shorter names to reduce the likelihood of issues.
INFO: [IP_Flow 19-1686] Generating 'Synthesis' target for IP 'voicerec_ap_sitodp_6_no_dsp_32'...
INFO: [IP_Flow 19-1686] Generating 'Simulation' target for IP 'voicerec_ap_sitodp_6_no_dsp_32'...
WARNING: [IP_Flow 19-4832] The IP name 'voicerec_ap_uitofp_6_no_dsp_32' you have specified is long. The Windows operating system has path length limitations. It is recommended you use shorter names to reduce the likelihood of issues.
INFO: [IP_Flow 19-1686] Generating 'Synthesis' target for IP 'voicerec_ap_uitofp_6_no_dsp_32'...
INFO: [IP_Flow 19-1686] Generating 'Simulation' target for IP 'voicerec_ap_uitofp_6_no_dsp_32'...
INFO: [IP_Flow 19-234] Refreshing IP repositories
INFO: [IP_Flow 19-1704] No user IP repositories specified
INFO: [IP_Flow 19-2313] Loaded Vivado IP repository 'D:/Vivado/Vivado/2018.2/data/ip'.
INFO: [Common 17-206] Exiting Vivado at Mon Aug 16 14:14:46 2021...
